<?xml version="1.0" encoding="UTF-8"?>
<!-- Generated by org.testng.reporters.JUnitReportReporter -->
<testsuite hostname="Lenovo" name="adac.a1" tests="2" failures="0" timestamp="23 Jan 2020 20:04:33 GMT" time="7.204" errors="0">
  <testcase name="Test2" time="4.754" classname="adac.a1"/>
  <testcase name="Test1" time="2.450" classname="adac.a1"/>
</testsuite> <!-- adac.a1 -->
