<?xml version="1.0" encoding="UTF-8"?>
<!-- Generated by org.testng.reporters.JUnitReportReporter -->
<testsuite hostname="Lenovo" name="test.annotation" tests="1" failures="0" timestamp="21 Jan 2020 18:29:11 GMT" time="0.040" errors="0">
  <testcase name="Test1" time="0.040" classname="test.annotation"/>
</testsuite> <!-- test.annotation -->
